KB compilation FAILED (invalid FO syntax after 1 repair attempts).

Error:
IDP failed to parse compiled KB: Error: line 27 - colStart 92 - colEnd 132 => Unknown symbol: _more_than_one_criterion_exceeded

=== LAST RAW KB ===
vocabulary V {
  type Company
  type FinancialYear
  has_legal_personality: Company -> Bool
  employee_criterion_exceeded: Company * FinancialYear -> Bool
  turnover_criterion_exceeded: Company * FinancialYear -> Bool
  balance_sheet_criterion_exceeded: Company * FinancialYear -> Bool
  more_than_one_criterion_exceeded: Company * FinancialYear -> Bool
  not_more_than_one_criterion_exceeded: Company * FinancialYear -> Bool
  change_condition_occurred: Company * FinancialYear -> Bool
  is_small_company: Company * FinancialYear -> Bool
  small_company_status_change_has_legal_effect: Company * FinancialYear -> Bool
  following_financial_year: FinancialYear * FinancialYear -> Bool
  preceding_financial_year: FinancialYear * FinancialYear -> Bool
  annual_average_employees: Company * FinancialYear -> Int
  annual_net_turnover_excl_vat: Company * FinancialYear -> Real
  balance_sheet_total: Company * FinancialYear -> Real
}

theory T:V {
  ! c in Company, fy in FinancialYear: ((annual_average_employees(c,fy) > 50)) => ((employee_criterion_exceeded(c,fy))).
  ! c in Company, fy in FinancialYear: ((annual_net_turnover_excl_vat(c,fy) > 11250000.0)) => ((turnover_criterion_exceeded(c,fy))).
  ! c in Company, fy in FinancialYear: ((balance_sheet_total(c,fy) > 6000000.0)) => ((balance_sheet_criterion_exceeded(c,fy))).
  ! c in Company, fy in FinancialYear: (((employee_criterion_exceeded(c,fy)) & (turnover_criterion_exceeded(c,fy)))) => ((more_than_one_criterion_exceeded(c,fy))).
  ! c in Company, fy in FinancialYear: (((employee_criterion_exceeded(c,fy)) & (balance_sheet_criterion_exceeded(c,fy)))) => ((more_than_one_criterion_exceeded(c,fy))).
  ! c in Company, fy in FinancialYear: (((turnover_criterion_exceeded(c,fy)) & (balance_sheet_criterion_exceeded(c,fy)))) => ((more_than_one_criterion_exceeded(c,fy))).
  ! c in Company, fy in FinancialYear: ((~more_than_one_criterion_exceeded(c,fy))) => ((not_more_than_one_criterion_exceeded(c,fy))).
  ! c in Company, fy in FinancialYear: ((more_than_one_criterion_exceeded(c,fy))) => ((~not_more_than_one_criterion_exceeded(c,fy))).
  ! c in Company, fy in FinancialYear: (((has_legal_personality(c)) & (not_more_than_one_criterion_exceeded(c,fy)))) => ((is_small_company(c,fy))).
  ! c in Company, fy in FinancialYear: ((more_than_one_criterion_exceeded(c,fy))) => ((~is_small_company(c,fy))).
  ! c in Company, fy in FinancialYear, fy_prev in FinancialYear: (((more_than_one_criterion_exceeded(c,fy)) & (more_than_one_criterion_exceeded(c,fy_prev)) & (preceding_financial_year(fy,fy_prev)))) => ((change_condition_occurred(c,fy))).
  ! c in Company, fy in FinancialYear, fy_prev in FinancialYear: (((not_more_than_one_criterion_exceeded(c,fy)) & (not_more_than_one_criterion_exceeded(c,fy_prev)) & (preceding_financial_year(fy,fy_prev)))) => ((change_condition_occurred(c,fy))).
  ! c in Company, fy1 in FinancialYear, fy2 in FinancialYear, fy_effect in FinancialYear: (((change_condition_occurred(c,fy1)) & (change_condition_occurred(c,fy2)) & (preceding_financial_year(fy2,fy1)) & (following_financial_year(fy2,fy_effect)))) => ((small_company_status_change_has_legal_effect(c,fy_effect))).
}
